<?xml version="1.0" encoding="UTF-8" ?>
<testsuite tests="3" failures="1" name="TestSuite" time="1.125" errors="0" skipped="0">
  <properties>
    <property name="java.runtime.name" value="Java(TM) SE Runtime Environment"/>
    <property name="sun.boot.library.path" value="C:\Program Files\Java\jdk1.8.0_144\jre\bin"/>
    <property name="java.vm.version" value="25.144-b01"/>
    <property name="java.vm.vendor" value="Oracle Corporation"/>
    <property name="maven.multiModuleProjectDirectory" value="C:\Selenium\FreeCRMTest"/>
    <property name="java.vendor.url" value="http://java.oracle.com/"/>
    <property name="path.separator" value=";"/>
    <property name="guice.disable.misplaced.annotation.check" value="true"/>
    <property name="java.vm.name" value="Java HotSpot(TM) 64-Bit Server VM"/>
    <property name="file.encoding.pkg" value="sun.io"/>
    <property name="user.script" value=""/>
    <property name="user.country" value="US"/>
    <property name="sun.java.launcher" value="SUN_STANDARD"/>
    <property name="sun.os.patch.level" value=""/>
    <property name="java.vm.specification.name" value="Java Virtual Machine Specification"/>
    <property name="user.dir" value="C:\Selenium\FreeCRMTest"/>
    <property name="java.runtime.version" value="1.8.0_144-b01"/>
    <property name="java.awt.graphicsenv" value="sun.awt.Win32GraphicsEnvironment"/>
    <property name="java.endorsed.dirs" value="C:\Program Files\Java\jdk1.8.0_144\jre\lib\endorsed"/>
    <property name="os.arch" value="amd64"/>
    <property name="java.io.tmpdir" value="C:\Users\RAHUL~2.KUM\AppData\Local\Temp\"/>
    <property name="line.separator" value="
"/>
    <property name="java.vm.specification.vendor" value="Oracle Corporation"/>
    <property name="user.variant" value=""/>
    <property name="os.name" value="Windows 10"/>
    <property name="classworlds.conf" value="C:\Selenium\.metadata\.plugins\org.eclipse.m2e.launching\launches\m2conf1998083792954768756.tmp"/>
    <property name="sun.jnu.encoding" value="Cp1252"/>
    <property name="java.library.path" value="C:\Program Files\Java\jdk1.8.0_144\bin;C:\Windows\Sun\Java\bin;C:\Windows\system32;C:\Windows;C:/Program Files/Java/jre1.8.0_144/bin/server;C:/Program Files/Java/jre1.8.0_144/bin;C:/Program Files/Java/jre1.8.0_144/lib/amd64;C:\ProgramData\Oracle\Java\javapath;C:\Windows\system32;C:\Windows;C:\Windows\System32\Wbem;C:\Windows\System32\WindowsPowerShell\v1.0\;C:\Program Files\Intel\WiFi\bin\;C:\Program Files\Common Files\Intel\WirelessCommon\;C:\Program Files (x86)\Intel\Intel(R) Management Engine Components\DAL;C:\Program Files\Intel\Intel(R) Management Engine Components\DAL;C:\Program Files\Java\jdk1.8.0_144;C:\Program Files\nodejs\;C:\Program Files\Git\cmd;C:\Program Files\Java\jdk1.8.0_144\bin;C:\Selenium Docs\apache-maven-3.6.3\bin;C:\Users\rahul.kumar1\AppData\Local\Microsoft\WindowsApps;C:\Users\rahul.kumar1\AppData\Roaming\npm;C:\Users\rahul.kumar1\AppData\Local\Programs\Microsoft VS Code\bin;C:\Selenium Docs\eclipse;;."/>
    <property name="java.specification.name" value="Java Platform API Specification"/>
    <property name="java.class.version" value="52.0"/>
    <property name="sun.management.compiler" value="HotSpot 64-Bit Tiered Compilers"/>
    <property name="os.version" value="10.0"/>
    <property name="user.home" value="C:\Users\rahul.kumar1"/>
    <property name="user.timezone" value="Asia/Singapore"/>
    <property name="java.awt.printerjob" value="sun.awt.windows.WPrinterJob"/>
    <property name="java.specification.version" value="1.8"/>
    <property name="file.encoding" value="Cp1252"/>
    <property name="user.name" value="rahul.kumar1"/>
    <property name="java.class.path" value="/C:/Selenium Docs/eclipse/plugins/org.eclipse.m2e.maven.runtime_1.7.0.20160603-1931/jars/plexus-classworlds-2.5.2.jar"/>
    <property name="java.vm.specification.version" value="1.8"/>
    <property name="sun.arch.data.model" value="64"/>
    <property name="java.home" value="C:\Program Files\Java\jdk1.8.0_144\jre"/>
    <property name="sun.java.command" value="org.codehaus.plexus.classworlds.launcher.Launcher -B install"/>
    <property name="java.specification.vendor" value="Oracle Corporation"/>
    <property name="user.language" value="en"/>
    <property name="awt.toolkit" value="sun.awt.windows.WToolkit"/>
    <property name="java.vm.info" value="mixed mode"/>
    <property name="java.version" value="1.8.0_144"/>
    <property name="java.ext.dirs" value="C:\Program Files\Java\jdk1.8.0_144\jre\lib\ext;C:\Windows\Sun\Java\lib\ext"/>
    <property name="sun.boot.class.path" value="C:\Program Files\Java\jdk1.8.0_144\jre\lib\resources.jar;C:\Program Files\Java\jdk1.8.0_144\jre\lib\rt.jar;C:\Program Files\Java\jdk1.8.0_144\jre\lib\sunrsasign.jar;C:\Program Files\Java\jdk1.8.0_144\jre\lib\jsse.jar;C:\Program Files\Java\jdk1.8.0_144\jre\lib\jce.jar;C:\Program Files\Java\jdk1.8.0_144\jre\lib\charsets.jar;C:\Program Files\Java\jdk1.8.0_144\jre\lib\jfr.jar;C:\Program Files\Java\jdk1.8.0_144\jre\classes"/>
    <property name="java.vendor" value="Oracle Corporation"/>
    <property name="maven.home" value="C:\Selenium\FreeCRMTest\EMBEDDED"/>
    <property name="file.separator" value="\"/>
    <property name="java.vendor.url.bug" value="http://bugreport.sun.com/bugreport/"/>
    <property name="sun.cpu.endian" value="little"/>
    <property name="sun.io.unicode.encoding" value="UnicodeLittle"/>
    <property name="sun.desktop" value="windows"/>
    <property name="sun.cpu.isalist" value="amd64"/>
  </properties>
  <testcase classname="com.crm.qa.testcases.ContactsPageTest" name="validateCreateNewContact" time="0.315">
    <failure type="java.lang.NullPointerException">java.lang.NullPointerException
	at com.crm.qa.testcases.ContactsPageTest.validateCreateNewContact(ContactsPageTest.java:33)
</failure>
    <system-out>Configuring TestNG with: org.apache.maven.surefire.testng.conf.TestNG652Configurator@ed17bee
</system-out>
    <system-err>Starting ChromeDriver 81.0.4044.69 (6813546031a4bc83f717a2ef7cd4ac6ec1199132-refs/branch-heads/4044@{#776}) on port 8678
Only local connections are allowed.
Please protect ports used by ChromeDriver and related test frameworks to prevent access by malicious code.
May 01, 2020 1:37:49 AM org.openqa.selenium.remote.ProtocolHandshake createSession
INFO: Detected dialect: W3C
[1588268271.912][SEVERE]: Timed out receiving message from renderer: 0.100
[1588268272.014][SEVERE]: Timed out receiving message from renderer: 0.100
[1588268272.132][SEVERE]: Timed out receiving message from renderer: 0.100
[1588268272.239][SEVERE]: Timed out receiving message from renderer: 0.100
[1588268272.445][SEVERE]: Timed out receiving message from renderer: 0.100
[1588268272.555][SEVERE]: Timed out receiving message from renderer: 0.100
[1588268272.870][SEVERE]: Timed out receiving message from renderer: 0.100
[1588268272.973][SEVERE]: Timed out receiving message from renderer: 0.100
[1588268273.076][SEVERE]: Timed out receiving message from renderer: 0.100
[1588268273.180][SEVERE]: Timed out receiving message from renderer: 0.100
[1588268273.283][SEVERE]: Timed out receiving message from renderer: 0.100
[1588268273.459][SEVERE]: Timed out receiving message from renderer: 0.100
[1588268273.579][SEVERE]: Timed out receiving message from renderer: 0.100
[1588268273.708][SEVERE]: Timed out receiving message from renderer: 0.100
[1588268273.811][SEVERE]: Timed out receiving message from renderer: 0.100
[1588268274.027][SEVERE]: Timed out receiving message from renderer: 0.100
[1588268274.152][SEVERE]: Timed out receiving message from renderer: 0.100
[1588268274.261][SEVERE]: Timed out receiving message from renderer: 0.100
[1588268274.367][SEVERE]: Timed out receiving message from renderer: 0.100
[1588268274.479][SEVERE]: Timed out receiving message from renderer: 0.100
[1588268274.602][SEVERE]: Timed out receiving message from renderer: 0.100
[1588268274.719][SEVERE]: Timed out receiving message from renderer: 0.100
[1588268274.824][SEVERE]: Timed out receiving message from renderer: 0.100
[1588268275.596][SEVERE]: Timed out receiving message from renderer: 0.100
[1588268275.699][SEVERE]: Timed out receiving message from renderer: 0.100
</system-err>
  </testcase>
  <testcase classname="com.crm.qa.testcases.LoginPageTest" name="LoginPageTitleTest" time="0.015"/>
  <testcase classname="com.crm.qa.testcases.LoginPageTest" name="loginTest" time="0.795"/>
</testsuite>