<?xml version="1.0" encoding="UTF-8"?>
<!-- Generated by org.testng.reporters.JUnitReportReporter -->
<testsuite hostname="KULMBW-NWX0052" name="com.crm.qa.testcases.LoginPageTest" tests="2" failures="0" timestamp="9 May 2020 08:50:40 GMT" time="25.343" errors="0">
  <testcase name="LoginPageTitleTest" time="10.807" classname="com.crm.qa.testcases.LoginPageTest"/>
  <testcase name="loginTest" time="14.536" classname="com.crm.qa.testcases.LoginPageTest"/>
</testsuite> <!-- com.crm.qa.testcases.LoginPageTest -->
