<?xml version="1.0" encoding="UTF-8"?>
<!-- Generated by org.testng.reporters.JUnitReportReporter -->
<testsuite hostname="KULMBW-NWX0052" name="com.crm.qa.testcases.LoginPageTest" tests="2" failures="0" timestamp="30 Apr 2020 17:38:20 GMT" time="19.593" errors="0">
  <testcase name="loginTest" time="8.682" classname="com.crm.qa.testcases.LoginPageTest"/>
  <testcase name="LoginPageTitleTest" time="10.911" classname="com.crm.qa.testcases.LoginPageTest"/>
</testsuite> <!-- com.crm.qa.testcases.LoginPageTest -->
